[2020-09-09 12:01:32] SlimMonoLogger.ERROR: LogicException: No template found at: C:/xampp/xampp/htdocs/blog/src/views/themes/index.php in C:\xampp\xampp\htdocs\blog\src\drivers\Views\Weed.php:271
Stack trace:
#0 C:\xampp\xampp\htdocs\blog\src\drivers\Views\WeedView.php(92): spark\drivers\Views\Weed->render('admin::themes/i...', Array)
#1 C:\xampp\xampp\htdocs\blog\src\framework\View.php(255): spark\drivers\Views\WeedView->render('admin::themes/i...', Array)
#2 C:\xampp\xampp\htdocs\blog\src\framework\View.php(243): Slim\View->fetch('admin::themes/i...', NULL)
#3 C:\xampp\xampp\htdocs\blog\src\framework\Slim.php(755): Slim\View->display('admin::themes/i...')
#4 C:\xampp\xampp\htdocs\blog\src\functions\core.php(1040): Slim\Slim->render('admin::themes/i...', Array, NULL)
#5 C:\xampp\xampp\htdocs\blog\src\controllers\Dashboard\DashboardThemesController.php(89): view('admin::themes/i...', Array)
#6 [internal function]: spark\controllers\Dashboard\DashboardThemesController->index()
#7 C:\xampp\xampp\htdocs\blog\src\framework\Route.php(173): call_user_func_array(Array, Array)
#8 [internal function]: Slim\Route->Slim\{closure}()
#9 C:\xampp\xampp\htdocs\blog\src\framework\Route.php(468): call_user_func_array(Object(Closure), Array)
#10 C:\xampp\xampp\htdocs\blog\src\framework\Slim.php(1364): Slim\Route->dispatch()
#11 C:\xampp\xampp\htdocs\blog\src\framework\Middleware\Flash.php(85): Slim\Slim->call()
#12 C:\xampp\xampp\htdocs\blog\src\framework\Middleware\MethodOverride.php(92): Slim\Middleware\Flash->call()
#13 C:\xampp\xampp\htdocs\blog\src\middlewares\CsrfGuard\CsrfGuard.php(47): Slim\Middleware\MethodOverride->call()
#14 C:\xampp\xampp\htdocs\blog\src\framework\Slim.php(1308): spark\middlewares\CsrfGuard\CsrfGuard->call()
#15 C:\xampp\xampp\htdocs\blog\index.php(6): Slim\Slim->run()
#16 {main} [] []
[2020-09-09 12:01:38] SlimMonoLogger.ERROR: LogicException: No template found at: C:/xampp/xampp/htdocs/blog/src/views/plugins/index.php in C:\xampp\xampp\htdocs\blog\src\drivers\Views\Weed.php:271
Stack trace:
#0 C:\xampp\xampp\htdocs\blog\src\drivers\Views\WeedView.php(92): spark\drivers\Views\Weed->render('admin::plugins/...', Array)
#1 C:\xampp\xampp\htdocs\blog\src\framework\View.php(255): spark\drivers\Views\WeedView->render('admin::plugins/...', Array)
#2 C:\xampp\xampp\htdocs\blog\src\framework\View.php(243): Slim\View->fetch('admin::plugins/...', NULL)
#3 C:\xampp\xampp\htdocs\blog\src\framework\Slim.php(755): Slim\View->display('admin::plugins/...')
#4 C:\xampp\xampp\htdocs\blog\src\functions\core.php(1040): Slim\Slim->render('admin::plugins/...', Array, NULL)
#5 C:\xampp\xampp\htdocs\blog\src\controllers\Dashboard\DashboardPluginsController.php(89): view('admin::plugins/...', Array)
#6 [internal function]: spark\controllers\Dashboard\DashboardPluginsController->index()
#7 C:\xampp\xampp\htdocs\blog\src\framework\Route.php(173): call_user_func_array(Array, Array)
#8 [internal function]: Slim\Route->Slim\{closure}()
#9 C:\xampp\xampp\htdocs\blog\src\framework\Route.php(468): call_user_func_array(Object(Closure), Array)
#10 C:\xampp\xampp\htdocs\blog\src\framework\Slim.php(1364): Slim\Route->dispatch()
#11 C:\xampp\xampp\htdocs\blog\src\framework\Middleware\Flash.php(85): Slim\Slim->call()
#12 C:\xampp\xampp\htdocs\blog\src\framework\Middleware\MethodOverride.php(92): Slim\Middleware\Flash->call()
#13 C:\xampp\xampp\htdocs\blog\src\middlewares\CsrfGuard\CsrfGuard.php(47): Slim\Middleware\MethodOverride->call()
#14 C:\xampp\xampp\htdocs\blog\src\framework\Slim.php(1308): spark\middlewares\CsrfGuard\CsrfGuard->call()
#15 C:\xampp\xampp\htdocs\blog\index.php(6): Slim\Slim->run()
#16 {main} [] []
[2020-09-09 12:03:50] SlimMonoLogger.ERROR: LogicException: No template found at: C:/xampp/xampp/htdocs/blog/src/views/engines/index.php in C:\xampp\xampp\htdocs\blog\src\drivers\Views\Weed.php:271
Stack trace:
#0 C:\xampp\xampp\htdocs\blog\src\drivers\Views\WeedView.php(92): spark\drivers\Views\Weed->render('admin::engines/...', Array)
#1 C:\xampp\xampp\htdocs\blog\src\framework\View.php(255): spark\drivers\Views\WeedView->render('admin::engines/...', Array)
#2 C:\xampp\xampp\htdocs\blog\src\framework\View.php(243): Slim\View->fetch('admin::engines/...', NULL)
#3 C:\xampp\xampp\htdocs\blog\src\framework\Slim.php(755): Slim\View->display('admin::engines/...')
#4 C:\xampp\xampp\htdocs\blog\src\functions\core.php(1040): Slim\Slim->render('admin::engines/...', Array, NULL)
#5 C:\xampp\xampp\htdocs\blog\src\controllers\Dashboard\DashboardEnginesController.php(109): view('admin::engines/...', Array)
#6 [internal function]: spark\controllers\Dashboard\DashboardEnginesController->index()
#7 C:\xampp\xampp\htdocs\blog\src\framework\Route.php(173): call_user_func_array(Array, Array)
#8 [internal function]: Slim\Route->Slim\{closure}()
#9 C:\xampp\xampp\htdocs\blog\src\framework\Route.php(468): call_user_func_array(Object(Closure), Array)
#10 C:\xampp\xampp\htdocs\blog\src\framework\Slim.php(1364): Slim\Route->dispatch()
#11 C:\xampp\xampp\htdocs\blog\src\framework\Middleware\Flash.php(85): Slim\Slim->call()
#12 C:\xampp\xampp\htdocs\blog\src\framework\Middleware\MethodOverride.php(92): Slim\Middleware\Flash->call()
#13 C:\xampp\xampp\htdocs\blog\src\middlewares\CsrfGuard\CsrfGuard.php(47): Slim\Middleware\MethodOverride->call()
#14 C:\xampp\xampp\htdocs\blog\src\framework\Slim.php(1308): spark\middlewares\CsrfGuard\CsrfGuard->call()
#15 C:\xampp\xampp\htdocs\blog\index.php(6): Slim\Slim->run()
#16 {main} [] []
[2020-09-09 12:06:15] SlimMonoLogger.ERROR: LogicException: No template found at: C:/xampp/xampp/htdocs/blog/src/views/engines/index.php in C:\xampp\xampp\htdocs\blog\src\drivers\Views\Weed.php:271
Stack trace:
#0 C:\xampp\xampp\htdocs\blog\src\drivers\Views\WeedView.php(92): spark\drivers\Views\Weed->render('admin::engines/...', Array)
#1 C:\xampp\xampp\htdocs\blog\src\framework\View.php(255): spark\drivers\Views\WeedView->render('admin::engines/...', Array)
#2 C:\xampp\xampp\htdocs\blog\src\framework\View.php(243): Slim\View->fetch('admin::engines/...', NULL)
#3 C:\xampp\xampp\htdocs\blog\src\framework\Slim.php(755): Slim\View->display('admin::engines/...')
#4 C:\xampp\xampp\htdocs\blog\src\functions\core.php(1040): Slim\Slim->render('admin::engines/...', Array, NULL)
#5 C:\xampp\xampp\htdocs\blog\src\controllers\Dashboard\DashboardEnginesController.php(109): view('admin::engines/...', Array)
#6 [internal function]: spark\controllers\Dashboard\DashboardEnginesController->index()
#7 C:\xampp\xampp\htdocs\blog\src\framework\Route.php(173): call_user_func_array(Array, Array)
#8 [internal function]: Slim\Route->Slim\{closure}()
#9 C:\xampp\xampp\htdocs\blog\src\framework\Route.php(468): call_user_func_array(Object(Closure), Array)
#10 C:\xampp\xampp\htdocs\blog\src\framework\Slim.php(1364): Slim\Route->dispatch()
#11 C:\xampp\xampp\htdocs\blog\src\framework\Middleware\Flash.php(85): Slim\Slim->call()
#12 C:\xampp\xampp\htdocs\blog\src\framework\Middleware\MethodOverride.php(92): Slim\Middleware\Flash->call()
#13 C:\xampp\xampp\htdocs\blog\src\middlewares\CsrfGuard\CsrfGuard.php(47): Slim\Middleware\MethodOverride->call()
#14 C:\xampp\xampp\htdocs\blog\src\framework\Slim.php(1308): spark\middlewares\CsrfGuard\CsrfGuard->call()
#15 C:\xampp\xampp\htdocs\blog\index.php(6): Slim\Slim->run()
#16 {main} [] []
[2020-09-09 12:22:18] SlimMonoLogger.ERROR: LogicException: No template found at: C:/xampp/xampp/htdocs/blog/src/views/themes/index.php in C:\xampp\xampp\htdocs\blog\src\drivers\Views\Weed.php:271
Stack trace:
#0 C:\xampp\xampp\htdocs\blog\src\drivers\Views\WeedView.php(92): spark\drivers\Views\Weed->render('admin::themes/i...', Array)
#1 C:\xampp\xampp\htdocs\blog\src\framework\View.php(255): spark\drivers\Views\WeedView->render('admin::themes/i...', Array)
#2 C:\xampp\xampp\htdocs\blog\src\framework\View.php(243): Slim\View->fetch('admin::themes/i...', NULL)
#3 C:\xampp\xampp\htdocs\blog\src\framework\Slim.php(755): Slim\View->display('admin::themes/i...')
#4 C:\xampp\xampp\htdocs\blog\src\functions\core.php(1040): Slim\Slim->render('admin::themes/i...', Array, NULL)
#5 C:\xampp\xampp\htdocs\blog\src\controllers\Dashboard\DashboardThemesController.php(89): view('admin::themes/i...', Array)
#6 [internal function]: spark\controllers\Dashboard\DashboardThemesController->index()
#7 C:\xampp\xampp\htdocs\blog\src\framework\Route.php(173): call_user_func_array(Array, Array)
#8 [internal function]: Slim\Route->Slim\{closure}()
#9 C:\xampp\xampp\htdocs\blog\src\framework\Route.php(468): call_user_func_array(Object(Closure), Array)
#10 C:\xampp\xampp\htdocs\blog\src\framework\Slim.php(1364): Slim\Route->dispatch()
#11 C:\xampp\xampp\htdocs\blog\src\framework\Middleware\Flash.php(85): Slim\Slim->call()
#12 C:\xampp\xampp\htdocs\blog\src\framework\Middleware\MethodOverride.php(92): Slim\Middleware\Flash->call()
#13 C:\xampp\xampp\htdocs\blog\src\middlewares\CsrfGuard\CsrfGuard.php(47): Slim\Middleware\MethodOverride->call()
#14 C:\xampp\xampp\htdocs\blog\src\framework\Slim.php(1308): spark\middlewares\CsrfGuard\CsrfGuard->call()
#15 C:\xampp\xampp\htdocs\blog\index.php(6): Slim\Slim->run()
#16 {main} [] []
